<?xml version="1.0" encoding="UTF-8"?>
<!-- Generated by org.testng.reporters.JUnitReportReporter -->
<testsuite skipped="0" hostname="tester-VirtualBox" name="alerts.Alerts" tests="1" failures="0" timestamp="2021-05-22T10:04:26 CEST" time="0.302" errors="0">
  <testcase name="alertTest" time="0.302" classname="alerts.Alerts"/>
  <system-out/>
</testsuite> <!-- alerts.Alerts -->
