<?xml version="1.0" encoding="UTF-8"?>
<!-- Generated by org.testng.reporters.JUnitReportReporter -->
<testsuite skipped="0" hostname="tester-VirtualBox" name="AddressBookTest" tests="1" failures="0" timestamp="2021-05-22T15:02:16 CEST" time="4.859" errors="0">
  <testcase name="mainTest" time="4.859" classname="AddressBookTest"/>
  <system-out/>
</testsuite> <!-- AddressBookTest -->
