<?xml version="1.0" encoding="UTF-8"?>
<!-- Generated by org.testng.reporters.JUnitReportReporter -->
<testsuite skipped="0" hostname="tester-VirtualBox" name="ShopTest" tests="1" failures="0" timestamp="2021-05-23T13:24:36 CEST" time="13.739" errors="0">
  <testcase name="mainTest" time="13.739" classname="ShopTest"/>
  <system-out/>
</testsuite> <!-- ShopTest -->
