<?xml version="1.0" encoding="UTF-8"?>
<!-- Generated by org.testng.reporters.JUnitReportReporter -->
<testsuite skipped="0" hostname="tester-VirtualBox" name="AddressBookTest" tests="1" failures="0" timestamp="2021-05-22T13:19:12 CEST" time="2.683" errors="0">
  <testcase name="mainTest" time="2.683" classname="AddressBookTest"/>
  <system-out/>
</testsuite> <!-- AddressBookTest -->
