<?xml version="1.0" encoding="UTF-8"?>
<!-- Generated by org.testng.reporters.JUnitReportReporter -->
<testsuite skipped="0" hostname="tester-VirtualBox" name="BlazeDemoTest" tests="1" failures="0" timestamp="2021-05-23T10:13:22 CEST" time="3.648" errors="0">
  <testcase name="mainTest" time="3.648" classname="BlazeDemoTest"/>
  <system-out/>
</testsuite> <!-- BlazeDemoTest -->
