<?xml version="1.0" encoding="UTF-8"?>
<!-- Generated by org.testng.reporters.JUnitReportReporter -->
<testsuite skipped="0" hostname="tester-VirtualBox" name="ShopTest" tests="1" failures="0" timestamp="2021-05-23T11:50:58 CEST" time="6.982" errors="0">
  <testcase name="mainTest" time="6.982" classname="ShopTest"/>
  <system-out/>
</testsuite> <!-- ShopTest -->
